-------------------------------------------------------------------------------
Test set: Controller.CursoTest
-------------------------------------------------------------------------------
Tests run: 1, Failures: 1, Errors: 0, Skipped: 0, Time elapsed: 0 sec <<< FAILURE! - in Controller.CursoTest
testSomeMethod(Controller.CursoTest)  Time elapsed: 0 sec  <<< FAILURE!
java.lang.AssertionError: The test case is a prototype.
	at org.junit.Assert.fail(Assert.java:88)
	at Controller.CursoTest.testSomeMethod(CursoTest.java:43)

